# JRE version: 7.0_05-b05
# Java VM: Java HotSpot(TM) 64-Bit Server VM (23.1-b03 mixed mode bsd-amd64 compressed oops)
Heap
 PSYoungGen      total 116416K, used 80820K [0x000000014cbb0000, 0x000000015b930000, 0x0000000169050000)
  eden space 115328K, 69% used [0x000000014cbb0000,0x0000000151995108,0x0000000153c50000)
  from space 1088K, 97% used [0x000000015ab20000,0x000000015ac28020,0x000000015ac30000)
  to   space 9664K, 0% used [0x000000015afc0000,0x000000015afc0000,0x000000015b930000)
 ParOldGen       total 57984K, used 23664K [0x0000000114250000, 0x0000000117af0000, 0x000000014cbb0000)
  object space 57984K, 40% used [0x0000000114250000,0x000000011596c2d0,0x0000000117af0000)
 PSPermGen       total 28736K, used 28592K [0x000000010f050000, 0x0000000110c60000, 0x0000000114250000)
  object space 28736K, 99% used [0x000000010f050000,0x0000000110c3c340,0x0000000110c60000)
GC Heap History (10 events):
Event: 32.207 GC heap before
{Heap before GC invocations=13 (full 0):
 PSYoungGen      total 146816K, used 146812K [0x000000014cbb0000, 0x000000015cfd0000, 0x0000000169050000)
  eden space 143360K, 100% used [0x000000014cbb0000,0x00000001557b0000,0x00000001557b0000)
  from space 3456K, 99% used [0x000000015cc70000,0x000000015cfcf018,0x000000015cfd0000)
  to   space 10240K, 0% used [0x000000015bbd0000,0x000000015bbd0000,0x000000015c5d0000)
 ParOldGen       total 57984K, used 16631K [0x0000000114250000, 0x0000000117af0000, 0x000000014cbb0000)
  object space 57984K, 28% used [0x0000000114250000,0x000000011528df90,0x0000000117af0000)
 PSPermGen       total 27392K, used 27264K [0x000000010f050000, 0x0000000110b10000, 0x0000000114250000)
  object space 27392K, 99% used [0x000000010f050000,0x0000000110af0320,0x0000000110b10000)
Event: 32.210 GC heap after
Heap after GC invocations=13 (full 0):
 PSYoungGen      total 138624K, used 1468K [0x000000014cbb0000, 0x000000015cc80000, 0x0000000169050000)
  eden space 137152K, 0% used [0x000000014cbb0000,0x000000014cbb0000,0x00000001551a0000)
  from space 1472K, 99% used [0x000000015bbd0000,0x000000015bd3f018,0x000000015bd40000)
  to   space 10112K, 0% used [0x000000015c2a0000,0x000000015c2a0000,0x000000015cc80000)
 ParOldGen       total 57984K, used 17047K [0x0000000114250000, 0x0000000117af0000, 0x000000014cbb0000)
  object space 57984K, 29% used [0x0000000114250000,0x00000001152f5f90,0x0000000117af0000)
 PSPermGen       total 27392K, used 27264K [0x000000010f050000, 0x0000000110b10000, 0x0000000114250000)
  object space 27392K, 99% used [0x000000010f050000,0x0000000110af0320,0x0000000110b10000)
}
Event: 32.888 GC heap before
{Heap before GC invocations=14 (full 0):
 PSYoungGen      total 138624K, used 138620K [0x000000014cbb0000, 0x000000015cc80000, 0x0000000169050000)
  eden space 137152K, 100% used [0x000000014cbb0000,0x00000001551a0000,0x00000001551a0000)
  from space 1472K, 99% used [0x000000015bbd0000,0x000000015bd3f018,0x000000015bd40000)
  to   space 10112K, 0% used [0x000000015c2a0000,0x000000015c2a0000,0x000000015cc80000)
 ParOldGen       total 57984K, used 17047K [0x0000000114250000, 0x0000000117af0000, 0x000000014cbb0000)
  object space 57984K, 29% used [0x0000000114250000,0x00000001152f5f90,0x0000000117af0000)
 PSPermGen       total 27392K, used 27267K [0x000000010f050000, 0x0000000110b10000, 0x0000000114250000)
  object space 27392K, 99% used [0x000000010f050000,0x0000000110af0d48,0x0000000110b10000)
Event: 32.890 GC heap after
Heap after GC invocations=14 (full 0):
 PSYoungGen      total 132992K, used 1724K [0x000000014cbb0000, 0x000000015c450000, 0x0000000169050000)
  eden space 131264K, 0% used [0x000000014cbb0000,0x000000014cbb0000,0x0000000154be0000)
  from space 1728K, 99% used [0x000000015c2a0000,0x000000015c44f018,0x000000015c450000)
  to   space 9920K, 0% used [0x000000015b0f0000,0x000000015b0f0000,0x000000015baa0000)
 ParOldGen       total 57984K, used 17655K [0x0000000114250000, 0x0000000117af0000, 0x000000014cbb0000)
  object space 57984K, 30% used [0x0000000114250000,0x000000011538df90,0x0000000117af0000)
 PSPermGen       total 27392K, used 27267K [0x000000010f050000, 0x0000000110b10000, 0x0000000114250000)
  object space 27392K, 99% used [0x000000010f050000,0x0000000110af0d48,0x0000000110b10000)
}
Event: 33.543 GC heap before
{Heap before GC invocations=15 (full 0):
 PSYoungGen      total 132992K, used 132988K [0x000000014cbb0000, 0x000000015c450000, 0x0000000169050000)
  eden space 131264K, 100% used [0x000000014cbb0000,0x0000000154be0000,0x0000000154be0000)
  from space 1728K, 99% used [0x000000015c2a0000,0x000000015c44f018,0x000000015c450000)
  to   space 9920K, 0% used [0x000000015b0f0000,0x000000015b0f0000,0x000000015baa0000)
 ParOldGen       total 57984K, used 17655K [0x0000000114250000, 0x0000000117af0000, 0x000000014cbb0000)
  object space 57984K, 30% used [0x0000000114250000,0x000000011538df90,0x0000000117af0000)
 PSPermGen       total 27392K, used 27268K [0x000000010f050000, 0x0000000110b10000, 0x0000000114250000)
  object space 27392K, 99% used [0x000000010f050000,0x0000000110af11f0,0x0000000110b10000)
Event: 33.545 GC heap after
Heap after GC invocations=15 (full 0):
 PSYoungGen      total 126656K, used 956K [0x000000014cbb0000, 0x000000015c2b0000, 0x0000000169050000)
  eden space 125696K, 0% used [0x000000014cbb0000,0x000000014cbb0000,0x0000000154670000)
  from space 960K, 99% used [0x000000015b0f0000,0x000000015b1df030,0x000000015b1e0000)
  to   space 9792K, 0% used [0x000000015b920000,0x000000015b920000,0x000000015c2b0000)
 ParOldGen       total 57984K, used 18031K [0x0000000114250000, 0x0000000117af0000, 0x000000014cbb0000)
  object space 57984K, 31% used [0x0000000114250000,0x00000001153ebf90,0x0000000117af0000)
 PSPermGen       total 27392K, used 27268K [0x000000010f050000, 0x0000000110b10000, 0x0000000114250000)
  object space 27392K, 99% used [0x000000010f050000,0x0000000110af11f0,0x0000000110b10000)
}
Event: 37.242 GC heap before
{Heap before GC invocations=16 (full 0):
 PSYoungGen      total 126656K, used 126652K [0x000000014cbb0000, 0x000000015c2b0000, 0x0000000169050000)
  eden space 125696K, 100% used [0x000000014cbb0000,0x0000000154670000,0x0000000154670000)
  from space 960K, 99% used [0x000000015b0f0000,0x000000015b1df030,0x000000015b1e0000)
  to   space 9792K, 0% used [0x000000015b920000,0x000000015b920000,0x000000015c2b0000)
 ParOldGen       total 57984K, used 18031K [0x0000000114250000, 0x0000000117af0000, 0x000000014cbb0000)
  object space 57984K, 31% used [0x0000000114250000,0x00000001153ebf90,0x0000000117af0000)
 PSPermGen       total 28352K, used 28192K [0x000000010f050000, 0x0000000110c00000, 0x0000000114250000)
  object space 28352K, 99% used [0x000000010f050000,0x0000000110bd80b0,0x0000000110c00000)
Event: 37.248 GC heap after
Heap after GC invocations=16 (full 0):
 PSYoungGen      total 125760K, used 5336K [0x000000014cbb0000, 0x000000015be60000, 0x0000000169050000)
  eden space 120384K, 0% used [0x000000014cbb0000,0x000000014cbb0000,0x0000000154140000)
  from space 5376K, 99% used [0x000000015b920000,0x000000015be56040,0x000000015be60000)
  to   space 9856K, 0% used [0x000000015ab20000,0x000000015ab20000,0x000000015b4c0000)
 ParOldGen       total 57984K, used 18399K [0x0000000114250000, 0x0000000117af0000, 0x000000014cbb0000)
  object space 57984K, 31% used [0x0000000114250000,0x0000000115447f90,0x0000000117af0000)
 PSPermGen       total 28352K, used 28192K [0x000000010f050000, 0x0000000110c00000, 0x0000000114250000)
  object space 28352K, 99% used [0x000000010f050000,0x0000000110bd80b0,0x0000000110c00000)
}
Event: 37.655 GC heap before
{Heap before GC invocations=17 (full 0):
 PSYoungGen      total 125760K, used 125720K [0x000000014cbb0000, 0x000000015be60000, 0x0000000169050000)
  eden space 120384K, 100% used [0x000000014cbb0000,0x0000000154140000,0x0000000154140000)
  from space 5376K, 99% used [0x000000015b920000,0x000000015be56040,0x000000015be60000)
  to   space 9856K, 0% used [0x000000015ab20000,0x000000015ab20000,0x000000015b4c0000)
 ParOldGen       total 57984K, used 18399K [0x0000000114250000, 0x0000000117af0000, 0x000000014cbb0000)
  object space 57984K, 31% used [0x0000000114250000,0x0000000115447f90,0x0000000117af0000)
 PSPermGen       total 28544K, used 28363K [0x000000010f050000, 0x0000000110c30000, 0x0000000114250000)
  object space 28544K, 99% used [0x000000010f050000,0x0000000110c02d48,0x0000000110c30000)
Event: 37.665 GC heap after
Heap after GC invocations=17 (full 0):
 PSYoungGen      total 116416K, used 1056K [0x000000014cbb0000, 0x000000015b930000, 0x0000000169050000)
  eden space 115328K, 0% used [0x000000014cbb0000,0x000000014cbb0000,0x0000000153c50000)
  from space 1088K, 97% used [0x000000015ab20000,0x000000015ac28020,0x000000015ac30000)
  to   space 9664K, 0% used [0x000000015afc0000,0x000000015afc0000,0x000000015b930000)
 ParOldGen       total 57984K, used 23664K [0x0000000114250000, 0x0000000117af0000, 0x000000014cbb0000)
  object space 57984K, 40% used [0x0000000114250000,0x000000011596c2d0,0x0000000117af0000)
 PSPermGen       total 28544K, used 28363K [0x000000010f050000, 0x0000000110c30000, 0x0000000114250000)
  object space 28544K, 99% used [0x000000010f050000,0x0000000110c02d48,0x0000000110c30000)
}

