# JRE version: 7.0_05-b05
# Java VM: Java HotSpot(TM) 64-Bit Server VM (23.1-b03 mixed mode bsd-amd64 compressed oops)
Heap
 PSYoungGen      total 203456K, used 1779K [0x0000000142ad0000, 0x0000000151a20000, 0x000000015ec20000)
  eden space 202304K, 0% used [0x0000000142ad0000,0x0000000142b789e8,0x000000014f060000)
  from space 1152K, 95% used [0x0000000150980000,0x0000000150a942f0,0x0000000150aa0000)
  to   space 12288K, 0% used [0x0000000150e20000,0x0000000150e20000,0x0000000151a20000)
 ParOldGen       total 57536K, used 22913K [0x000000010a820000, 0x000000010e050000, 0x0000000142ad0000)
  object space 57536K, 39% used [0x000000010a820000,0x000000010be805a8,0x000000010e050000)
 PSPermGen       total 29312K, used 29198K [0x0000000105620000, 0x00000001072c0000, 0x000000010a820000)
  object space 29312K, 99% used [0x0000000105620000,0x00000001072a3800,0x00000001072c0000)
GC Heap History (10 events):
Event: 19.470 GC heap before
{Heap before GC invocations=11 (full 0):
 PSYoungGen      total 267968K, used 257788K [0x0000000142ad0000, 0x0000000153cd0000, 0x000000015ec20000)
  eden space 255616K, 100% used [0x0000000142ad0000,0x0000000152470000,0x0000000152470000)
  from space 12352K, 17% used [0x00000001530c0000,0x00000001532df018,0x0000000153cd0000)
  to   space 12480K, 0% used [0x0000000152470000,0x0000000152470000,0x00000001530a0000)
 ParOldGen       total 57536K, used 18390K [0x000000010a820000, 0x000000010e050000, 0x0000000142ad0000)
  object space 57536K, 31% used [0x000000010a820000,0x000000010ba15a38,0x000000010e050000)
 PSPermGen       total 27200K, used 27046K [0x0000000105620000, 0x00000001070b0000, 0x000000010a820000)
  object space 27200K, 99% used [0x0000000105620000,0x0000000107089a50,0x00000001070b0000)
Event: 19.473 GC heap after
Heap after GC invocations=11 (full 0):
 PSYoungGen      total 244992K, used 1118K [0x0000000142ad0000, 0x0000000153130000, 0x000000015ec20000)
  eden space 243840K, 0% used [0x0000000142ad0000,0x0000000142ad0000,0x00000001518f0000)
  from space 1152K, 97% used [0x0000000152470000,0x0000000152587818,0x0000000152590000)
  to   space 11904K, 0% used [0x0000000152590000,0x0000000152590000,0x0000000153130000)
 ParOldGen       total 57536K, used 19278K [0x000000010a820000, 0x000000010e050000, 0x0000000142ad0000)
  object space 57536K, 33% used [0x000000010a820000,0x000000010baf3a38,0x000000010e050000)
 PSPermGen       total 27200K, used 27046K [0x0000000105620000, 0x00000001070b0000, 0x000000010a820000)
  object space 27200K, 99% used [0x0000000105620000,0x0000000107089a50,0x00000001070b0000)
}
Event: 20.780 GC heap before
{Heap before GC invocations=12 (full 0):
 PSYoungGen      total 244992K, used 244958K [0x0000000142ad0000, 0x0000000153130000, 0x000000015ec20000)
  eden space 243840K, 100% used [0x0000000142ad0000,0x00000001518f0000,0x00000001518f0000)
  from space 1152K, 97% used [0x0000000152470000,0x0000000152587818,0x0000000152590000)
  to   space 11904K, 0% used [0x0000000152590000,0x0000000152590000,0x0000000153130000)
 ParOldGen       total 57536K, used 19278K [0x000000010a820000, 0x000000010e050000, 0x0000000142ad0000)
  object space 57536K, 33% used [0x000000010a820000,0x000000010baf3a38,0x000000010e050000)
 PSPermGen       total 27200K, used 27060K [0x0000000105620000, 0x00000001070b0000, 0x000000010a820000)
  object space 27200K, 99% used [0x0000000105620000,0x000000010708d348,0x00000001070b0000)
Event: 20.784 GC heap after
Heap after GC invocations=12 (full 0):
 PSYoungGen      total 235200K, used 2524K [0x0000000142ad0000, 0x0000000152810000, 0x000000015ec20000)
  eden space 232640K, 0% used [0x0000000142ad0000,0x0000000142ad0000,0x0000000150e00000)
  from space 2560K, 98% used [0x0000000152590000,0x0000000152807018,0x0000000152810000)
  to   space 12096K, 0% used [0x0000000151070000,0x0000000151070000,0x0000000151c40000)
 ParOldGen       total 57536K, used 20102K [0x000000010a820000, 0x000000010e050000, 0x0000000142ad0000)
  object space 57536K, 34% used [0x000000010a820000,0x000000010bbc1a38,0x000000010e050000)
 PSPermGen       total 27200K, used 27060K [0x0000000105620000, 0x00000001070b0000, 0x000000010a820000)
  object space 27200K, 99% used [0x0000000105620000,0x000000010708d348,0x00000001070b0000)
}
Event: 22.063 GC heap before
{Heap before GC invocations=13 (full 0):
 PSYoungGen      total 235200K, used 235164K [0x0000000142ad0000, 0x0000000152810000, 0x000000015ec20000)
  eden space 232640K, 100% used [0x0000000142ad0000,0x0000000150e00000,0x0000000150e00000)
  from space 2560K, 98% used [0x0000000152590000,0x0000000152807018,0x0000000152810000)
  to   space 12096K, 0% used [0x0000000151070000,0x0000000151070000,0x0000000151c40000)
 ParOldGen       total 57536K, used 20102K [0x000000010a820000, 0x000000010e050000, 0x0000000142ad0000)
  object space 57536K, 34% used [0x000000010a820000,0x000000010bbc1a38,0x000000010e050000)
 PSPermGen       total 27200K, used 27068K [0x0000000105620000, 0x00000001070b0000, 0x000000010a820000)
  object space 27200K, 99% used [0x0000000105620000,0x000000010708f3f0,0x00000001070b0000)
Event: 22.066 GC heap after
Heap after GC invocations=13 (full 0):
 PSYoungGen      total 223616K, used 1596K [0x0000000142ad0000, 0x00000001525a0000, 0x000000015ec20000)
  eden space 222016K, 0% used [0x0000000142ad0000,0x0000000142ad0000,0x00000001503a0000)
  from space 1600K, 99% used [0x0000000151070000,0x00000001511ff018,0x0000000151200000)
  to   space 11840K, 0% used [0x0000000151a10000,0x0000000151a10000,0x00000001525a0000)
 ParOldGen       total 57536K, used 20742K [0x000000010a820000, 0x000000010e050000, 0x0000000142ad0000)
  object space 57536K, 36% used [0x000000010a820000,0x000000010bc61a38,0x000000010e050000)
 PSPermGen       total 27200K, used 27068K [0x0000000105620000, 0x00000001070b0000, 0x000000010a820000)
  object space 27200K, 99% used [0x0000000105620000,0x000000010708f3f0,0x00000001070b0000)
}
Event: 26.031 GC heap before
{Heap before GC invocations=14 (full 0):
 PSYoungGen      total 223616K, used 223612K [0x0000000142ad0000, 0x00000001525a0000, 0x000000015ec20000)
  eden space 222016K, 100% used [0x0000000142ad0000,0x00000001503a0000,0x00000001503a0000)
  from space 1600K, 99% used [0x0000000151070000,0x00000001511ff018,0x0000000151200000)
  to   space 11840K, 0% used [0x0000000151a10000,0x0000000151a10000,0x00000001525a0000)
 ParOldGen       total 57536K, used 20742K [0x000000010a820000, 0x000000010e050000, 0x0000000142ad0000)
  object space 57536K, 36% used [0x000000010a820000,0x000000010bc61a38,0x000000010e050000)
 PSPermGen       total 28352K, used 28325K [0x0000000105620000, 0x00000001071d0000, 0x000000010a820000)
  object space 28352K, 99% used [0x0000000105620000,0x00000001071c9658,0x00000001071d0000)
Event: 26.040 GC heap after
Heap after GC invocations=14 (full 0):
 PSYoungGen      total 219904K, used 7992K [0x0000000142ad0000, 0x00000001521e0000, 0x000000015ec20000)
  eden space 211904K, 0% used [0x0000000142ad0000,0x0000000142ad0000,0x000000014f9c0000)
  from space 8000K, 99% used [0x0000000151a10000,0x00000001521de340,0x00000001521e0000)
  to   space 12480K, 0% used [0x0000000150980000,0x0000000150980000,0x00000001515b0000)
 ParOldGen       total 57536K, used 21398K [0x000000010a820000, 0x000000010e050000, 0x0000000142ad0000)
  object space 57536K, 37% used [0x000000010a820000,0x000000010bd05a38,0x000000010e050000)
 PSPermGen       total 28352K, used 28325K [0x0000000105620000, 0x00000001071d0000, 0x000000010a820000)
  object space 28352K, 99% used [0x0000000105620000,0x00000001071c9658,0x00000001071d0000)
}
Event: 386.800 GC heap before
{Heap before GC invocations=15 (full 0):
 PSYoungGen      total 219904K, used 219896K [0x0000000142ad0000, 0x00000001521e0000, 0x000000015ec20000)
  eden space 211904K, 100% used [0x0000000142ad0000,0x000000014f9c0000,0x000000014f9c0000)
  from space 8000K, 99% used [0x0000000151a10000,0x00000001521de340,0x00000001521e0000)
  to   space 12480K, 0% used [0x0000000150980000,0x0000000150980000,0x00000001515b0000)
 ParOldGen       total 57536K, used 21398K [0x000000010a820000, 0x000000010e050000, 0x0000000142ad0000)
  object space 57536K, 37% used [0x000000010a820000,0x000000010bd05a38,0x000000010e050000)
 PSPermGen       total 29312K, used 29197K [0x0000000105620000, 0x00000001072c0000, 0x000000010a820000)
  object space 29312K, 99% used [0x0000000105620000,0x00000001072a34f0,0x00000001072c0000)
Event: 386.804 GC heap after
Heap after GC invocations=15 (full 0):
 PSYoungGen      total 203456K, used 1104K [0x0000000142ad0000, 0x0000000151a20000, 0x000000015ec20000)
  eden space 202304K, 0% used [0x0000000142ad0000,0x0000000142ad0000,0x000000014f060000)
  from space 1152K, 95% used [0x0000000150980000,0x0000000150a942f0,0x0000000150aa0000)
  to   space 12288K, 0% used [0x0000000150e20000,0x0000000150e20000,0x0000000151a20000)
 ParOldGen       total 57536K, used 22913K [0x000000010a820000, 0x000000010e050000, 0x0000000142ad0000)
  object space 57536K, 39% used [0x000000010a820000,0x000000010be805a8,0x000000010e050000)
 PSPermGen       total 29312K, used 29197K [0x0000000105620000, 0x00000001072c0000, 0x000000010a820000)
  object space 29312K, 99% used [0x0000000105620000,0x00000001072a34f0,0x00000001072c0000)
}

