# JRE version: 7.0_05-b05
# Java VM: Java HotSpot(TM) 64-Bit Server VM (23.1-b03 mixed mode bsd-amd64 compressed oops)
Heap
 PSYoungGen      total 384896K, used 123572K [0x00000001430b0000, 0x000000015f000000, 0x000000015f000000)
  eden space 349760K, 25% used [0x00000001430b0000,0x000000014870d198,0x0000000158640000)
  from space 35136K, 100% used [0x000000015cc30000,0x000000015ee80000,0x000000015ee80000)
  to   space 54144K, 0% used [0x0000000158640000,0x0000000158640000,0x000000015bb20000)
 ParOldGen       total 320512K, used 251112K [0x000000010b200000, 0x000000011eb00000, 0x00000001430b0000)
  object space 320512K, 78% used [0x000000010b200000,0x000000011a73a3f0,0x000000011eb00000)
 PSPermGen       total 54592K, used 28878K [0x0000000106000000, 0x0000000109550000, 0x000000010b200000)
  object space 54592K, 52% used [0x0000000106000000,0x0000000107c33a10,0x0000000109550000)
GC Heap History (10 events):
Event: 229.995 GC heap before
{Heap before GC invocations=156 (full 4):
 PSYoungGen      total 423744K, used 409136K [0x00000001430b0000, 0x000000015f000000, 0x000000015f000000)
  eden space 390976K, 100% used [0x00000001430b0000,0x000000015ae80000,0x000000015ae80000)
  from space 32768K, 55% used [0x000000015ae80000,0x000000015c03c2f0,0x000000015ce80000)
  to   space 33216K, 0% used [0x000000015cf90000,0x000000015cf90000,0x000000015f000000)
 ParOldGen       total 320512K, used 205688K [0x000000010b200000, 0x000000011eb00000, 0x00000001430b0000)
  object space 320512K, 64% used [0x000000010b200000,0x0000000117ade100,0x000000011eb00000)
 PSPermGen       total 54592K, used 28602K [0x0000000106000000, 0x0000000109550000, 0x000000010b200000)
  object space 54592K, 52% used [0x0000000106000000,0x0000000107beeb38,0x0000000109550000)
Event: 230.009 GC heap after
Heap after GC invocations=156 (full 4):
 PSYoungGen      total 422656K, used 20336K [0x00000001430b0000, 0x000000015f000000, 0x000000015f000000)
  eden space 389440K, 0% used [0x00000001430b0000,0x00000001430b0000,0x000000015ad00000)
  from space 33216K, 61% used [0x000000015cf90000,0x000000015e36c2f0,0x000000015f000000)
  to   space 34304K, 0% used [0x000000015ad00000,0x000000015ad00000,0x000000015ce80000)
 ParOldGen       total 320512K, used 205688K [0x000000010b200000, 0x000000011eb00000, 0x00000001430b0000)
  object space 320512K, 64% used [0x000000010b200000,0x0000000117ade100,0x000000011eb00000)
 PSPermGen       total 54592K, used 28602K [0x0000000106000000, 0x0000000109550000, 0x000000010b200000)
  object space 54592K, 52% used [0x0000000106000000,0x0000000107beeb38,0x0000000109550000)
}
Event: 230.174 GC heap before
{Heap before GC invocations=157 (full 4):
 PSYoungGen      total 422656K, used 409776K [0x00000001430b0000, 0x000000015f000000, 0x000000015f000000)
  eden space 389440K, 100% used [0x00000001430b0000,0x000000015ad00000,0x000000015ad00000)
  from space 33216K, 61% used [0x000000015cf90000,0x000000015e36c2f0,0x000000015f000000)
  to   space 34304K, 0% used [0x000000015ad00000,0x000000015ad00000,0x000000015ce80000)
 ParOldGen       total 320512K, used 205688K [0x000000010b200000, 0x000000011eb00000, 0x00000001430b0000)
  object space 320512K, 64% used [0x000000010b200000,0x0000000117ade100,0x000000011eb00000)
 PSPermGen       total 54592K, used 28602K [0x0000000106000000, 0x0000000109550000, 0x000000010b200000)
  object space 54592K, 52% used [0x0000000106000000,0x0000000107beeb38,0x0000000109550000)
Event: 230.189 GC heap after
Heap after GC invocations=157 (full 4):
 PSYoungGen      total 412032K, used 22592K [0x00000001430b0000, 0x000000015f000000, 0x000000015f000000)
  eden space 389440K, 0% used [0x00000001430b0000,0x00000001430b0000,0x000000015ad00000)
  from space 22592K, 100% used [0x000000015ad00000,0x000000015c310000,0x000000015c310000)
  to   space 35840K, 0% used [0x000000015cd00000,0x000000015cd00000,0x000000015f000000)
 ParOldGen       total 320512K, used 205688K [0x000000010b200000, 0x000000011eb00000, 0x00000001430b0000)
  object space 320512K, 64% used [0x000000010b200000,0x0000000117ade100,0x000000011eb00000)
 PSPermGen       total 54592K, used 28602K [0x0000000106000000, 0x0000000109550000, 0x000000010b200000)
  object space 54592K, 52% used [0x0000000106000000,0x0000000107beeb38,0x0000000109550000)
}
Event: 230.352 GC heap before
{Heap before GC invocations=158 (full 4):
 PSYoungGen      total 412032K, used 412032K [0x00000001430b0000, 0x000000015f000000, 0x000000015f000000)
  eden space 389440K, 100% used [0x00000001430b0000,0x000000015ad00000,0x000000015ad00000)
  from space 22592K, 100% used [0x000000015ad00000,0x000000015c310000,0x000000015c310000)
  to   space 35840K, 0% used [0x000000015cd00000,0x000000015cd00000,0x000000015f000000)
 ParOldGen       total 320512K, used 205688K [0x000000010b200000, 0x000000011eb00000, 0x00000001430b0000)
  object space 320512K, 64% used [0x000000010b200000,0x0000000117ade100,0x000000011eb00000)
 PSPermGen       total 54592K, used 28603K [0x0000000106000000, 0x0000000109550000, 0x000000010b200000)
  object space 54592K, 52% used [0x0000000106000000,0x0000000107beee08,0x0000000109550000)
Event: 230.369 GC heap after
Heap after GC invocations=158 (full 4):
 PSYoungGen      total 421952K, used 19968K [0x00000001430b0000, 0x000000015f000000, 0x000000015f000000)
  eden space 386112K, 0% used [0x00000001430b0000,0x00000001430b0000,0x000000015a9c0000)
  from space 35840K, 55% used [0x000000015cd00000,0x000000015e080000,0x000000015f000000)
  to   space 35968K, 0% used [0x000000015a9c0000,0x000000015a9c0000,0x000000015cce0000)
 ParOldGen       total 320512K, used 210552K [0x000000010b200000, 0x000000011eb00000, 0x00000001430b0000)
  object space 320512K, 65% used [0x000000010b200000,0x0000000117f9e3f0,0x000000011eb00000)
 PSPermGen       total 54592K, used 28603K [0x0000000106000000, 0x0000000109550000, 0x000000010b200000)
  object space 54592K, 52% used [0x0000000106000000,0x0000000107beee08,0x0000000109550000)
}
Event: 230.528 GC heap before
{Heap before GC invocations=159 (full 4):
 PSYoungGen      total 421952K, used 406080K [0x00000001430b0000, 0x000000015f000000, 0x000000015f000000)
  eden space 386112K, 100% used [0x00000001430b0000,0x000000015a9c0000,0x000000015a9c0000)
  from space 35840K, 55% used [0x000000015cd00000,0x000000015e080000,0x000000015f000000)
  to   space 35968K, 0% used [0x000000015a9c0000,0x000000015a9c0000,0x000000015cce0000)
 ParOldGen       total 320512K, used 210552K [0x000000010b200000, 0x000000011eb00000, 0x00000001430b0000)
  object space 320512K, 65% used [0x000000010b200000,0x0000000117f9e3f0,0x000000011eb00000)
 PSPermGen       total 54592K, used 28603K [0x0000000106000000, 0x0000000109550000, 0x000000010b200000)
  object space 54592K, 52% used [0x0000000106000000,0x0000000107beef68,0x0000000109550000)
Event: 230.543 GC heap after
Heap after GC invocations=159 (full 4):
 PSYoungGen      total 404032K, used 17920K [0x00000001430b0000, 0x000000015ee80000, 0x000000015f000000)
  eden space 386112K, 0% used [0x00000001430b0000,0x00000001430b0000,0x000000015a9c0000)
  from space 17920K, 100% used [0x000000015a9c0000,0x000000015bb40000,0x000000015bb40000)
  to   space 35136K, 0% used [0x000000015cc30000,0x000000015cc30000,0x000000015ee80000)
 ParOldGen       total 320512K, used 214792K [0x000000010b200000, 0x000000011eb00000, 0x00000001430b0000)
  object space 320512K, 67% used [0x000000010b200000,0x00000001183c23f0,0x000000011eb00000)
 PSPermGen       total 54592K, used 28603K [0x0000000106000000, 0x0000000109550000, 0x000000010b200000)
  object space 54592K, 52% used [0x0000000106000000,0x0000000107beef68,0x0000000109550000)
}
Event: 230.910 GC heap before
{Heap before GC invocations=160 (full 4):
 PSYoungGen      total 404032K, used 404032K [0x00000001430b0000, 0x000000015ee80000, 0x000000015f000000)
  eden space 386112K, 100% used [0x00000001430b0000,0x000000015a9c0000,0x000000015a9c0000)
  from space 17920K, 100% used [0x000000015a9c0000,0x000000015bb40000,0x000000015bb40000)
  to   space 35136K, 0% used [0x000000015cc30000,0x000000015cc30000,0x000000015ee80000)
 ParOldGen       total 320512K, used 214792K [0x000000010b200000, 0x000000011eb00000, 0x00000001430b0000)
  object space 320512K, 67% used [0x000000010b200000,0x00000001183c23f0,0x000000011eb00000)
 PSPermGen       total 54592K, used 28735K [0x0000000106000000, 0x0000000109550000, 0x000000010b200000)
  object space 54592K, 52% used [0x0000000106000000,0x0000000107c0feb0,0x0000000109550000)
Event: 230.967 GC heap after
Heap after GC invocations=160 (full 4):
 PSYoungGen      total 384896K, used 35136K [0x00000001430b0000, 0x000000015f000000, 0x000000015f000000)
  eden space 349760K, 0% used [0x00000001430b0000,0x00000001430b0000,0x0000000158640000)
  from space 35136K, 100% used [0x000000015cc30000,0x000000015ee80000,0x000000015ee80000)
  to   space 54144K, 0% used [0x0000000158640000,0x0000000158640000,0x000000015bb20000)
 ParOldGen       total 320512K, used 251112K [0x000000010b200000, 0x000000011eb00000, 0x00000001430b0000)
  object space 320512K, 78% used [0x000000010b200000,0x000000011a73a3f0,0x000000011eb00000)
 PSPermGen       total 54592K, used 28735K [0x0000000106000000, 0x0000000109550000, 0x000000010b200000)
  object space 54592K, 52% used [0x0000000106000000,0x0000000107c0feb0,0x0000000109550000)
}

